Watching for file changes with StatReloader
Not Found: /
[08/Jul/2025 21:41:21] "GET / HTTP/1.1" 404 2319
Internal Server Error: /api/auth/register/
[08/Jul/2025 21:41:29] "POST /api/auth/register/ HTTP/1.1" 500 50
Invalid book data from Google Books: {'average_rating': [ErrorDetail(string='This field may not be null.', code='null')], 'ratings_count': [ErrorDetail(string='This field may not be null.', code='null')]}
Invalid book data from Google Books: {'average_rating': [ErrorDetail(string='This field may not be null.', code='null')], 'ratings_count': [ErrorDetail(string='This field may not be null.', code='null')]}
Invalid book data from Google Books: {'average_rating': [ErrorDetail(string='This field may not be null.', code='null')], 'ratings_count': [ErrorDetail(string='This field may not be null.', code='null')]}
Invalid book data from Google Books: {'average_rating': [ErrorDetail(string='This field may not be null.', code='null')], 'ratings_count': [ErrorDetail(string='This field may not be null.', code='null')]}
Invalid book data from Google Books: {'average_rating': [ErrorDetail(string='This field may not be null.', code='null')], 'ratings_count': [ErrorDetail(string='This field may not be null.', code='null')]}
Invalid book data from Google Books: {'average_rating': [ErrorDetail(string='This field may not be null.', code='null')], 'ratings_count': [ErrorDetail(string='This field may not be null.', code='null')]}
Invalid book data from Google Books: {'average_rating': [ErrorDetail(string='This field may not be null.', code='null')], 'ratings_count': [ErrorDetail(string='This field may not be null.', code='null')]}
Invalid book data from Google Books: {'average_rating': [ErrorDetail(string='This field may not be null.', code='null')], 'ratings_count': [ErrorDetail(string='This field may not be null.', code='null')]}
Invalid book data from Google Books: {'average_rating': [ErrorDetail(string='This field may not be null.', code='null')], 'ratings_count': [ErrorDetail(string='This field may not be null.', code='null')]}
Invalid book data from Google Books: {'average_rating': [ErrorDetail(string='This field may not be null.', code='null')], 'ratings_count': [ErrorDetail(string='This field may not be null.', code='null')]}
Invalid book data from Google Books: {'average_rating': [ErrorDetail(string='This field may not be null.', code='null')], 'ratings_count': [ErrorDetail(string='This field may not be null.', code='null')]}
Invalid book data from Google Books: {'average_rating': [ErrorDetail(string='This field may not be null.', code='null')], 'ratings_count': [ErrorDetail(string='This field may not be null.', code='null')]}
Invalid book data from Google Books: {'average_rating': [ErrorDetail(string='This field may not be null.', code='null')], 'ratings_count': [ErrorDetail(string='This field may not be null.', code='null')]}
Invalid book data from Google Books: {'average_rating': [ErrorDetail(string='This field may not be null.', code='null')], 'ratings_count': [ErrorDetail(string='This field may not be null.', code='null')]}
Invalid book data from Google Books: {'average_rating': [ErrorDetail(string='This field may not be null.', code='null')], 'ratings_count': [ErrorDetail(string='This field may not be null.', code='null')]}
Invalid book data from Google Books: {'average_rating': [ErrorDetail(string='This field may not be null.', code='null')], 'ratings_count': [ErrorDetail(string='This field may not be null.', code='null')]}
Invalid book data from Google Books: {'average_rating': [ErrorDetail(string='This field may not be null.', code='null')], 'ratings_count': [ErrorDetail(string='This field may not be null.', code='null')]}
Invalid book data from Google Books: {'average_rating': [ErrorDetail(string='This field may not be null.', code='null')], 'ratings_count': [ErrorDetail(string='This field may not be null.', code='null')]}
Invalid book data from Google Books: {'average_rating': [ErrorDetail(string='This field may not be null.', code='null')], 'ratings_count': [ErrorDetail(string='This field may not be null.', code='null')]}
Invalid book data from Google Books: {'average_rating': [ErrorDetail(string='This field may not be null.', code='null')], 'ratings_count': [ErrorDetail(string='This field may not be null.', code='null')]}
Invalid book data from Google Books: {'average_rating': [ErrorDetail(string='This field may not be null.', code='null')], 'ratings_count': [ErrorDetail(string='This field may not be null.', code='null')]}
Invalid book data from Google Books: {'published_date': [ErrorDetail(string='This field may not be blank.', code='blank')], 'average_rating': [ErrorDetail(string='This field may not be null.', code='null')], 'ratings_count': [ErrorDetail(string='This field may not be null.', code='null')]}
Invalid book data from Google Books: {'average_rating': [ErrorDetail(string='This field may not be null.', code='null')], 'ratings_count': [ErrorDetail(string='This field may not be null.', code='null')]}
Invalid book data from Google Books: {'average_rating': [ErrorDetail(string='This field may not be null.', code='null')], 'ratings_count': [ErrorDetail(string='This field may not be null.', code='null')]}
Invalid book data from Google Books: {'average_rating': [ErrorDetail(string='This field may not be null.', code='null')], 'ratings_count': [ErrorDetail(string='This field may not be null.', code='null')]}
Invalid book data from Google Books: {'average_rating': [ErrorDetail(string='This field may not be null.', code='null')], 'ratings_count': [ErrorDetail(string='This field may not be null.', code='null')]}
Invalid book data from Google Books: {'average_rating': [ErrorDetail(string='This field may not be null.', code='null')], 'ratings_count': [ErrorDetail(string='This field may not be null.', code='null')]}
Invalid book data from Google Books: {'average_rating': [ErrorDetail(string='This field may not be null.', code='null')], 'ratings_count': [ErrorDetail(string='This field may not be null.', code='null')]}
Invalid book data from Google Books: {'average_rating': [ErrorDetail(string='This field may not be null.', code='null')], 'ratings_count': [ErrorDetail(string='This field may not be null.', code='null')]}
Invalid book data from Google Books: {'average_rating': [ErrorDetail(string='This field may not be null.', code='null')], 'ratings_count': [ErrorDetail(string='This field may not be null.', code='null')]}
Invalid book data from Google Books: {'average_rating': [ErrorDetail(string='This field may not be null.', code='null')], 'ratings_count': [ErrorDetail(string='This field may not be null.', code='null')]}
Invalid book data from Google Books: {'average_rating': [ErrorDetail(string='This field may not be null.', code='null')], 'ratings_count': [ErrorDetail(string='This field may not be null.', code='null')]}
Invalid book data from Google Books: {'average_rating': [ErrorDetail(string='This field may not be null.', code='null')], 'ratings_count': [ErrorDetail(string='This field may not be null.', code='null')]}
Invalid book data from Google Books: {'average_rating': [ErrorDetail(string='This field may not be null.', code='null')], 'ratings_count': [ErrorDetail(string='This field may not be null.', code='null')]}
Invalid book data from Google Books: {'published_date': [ErrorDetail(string='This field may not be blank.', code='blank')], 'average_rating': [ErrorDetail(string='This field may not be null.', code='null')], 'ratings_count': [ErrorDetail(string='This field may not be null.', code='null')]}
Invalid book data from Google Books: {'average_rating': [ErrorDetail(string='This field may not be null.', code='null')], 'ratings_count': [ErrorDetail(string='This field may not be null.', code='null')]}
Invalid book data from Google Books: {'average_rating': [ErrorDetail(string='This field may not be null.', code='null')], 'ratings_count': [ErrorDetail(string='This field may not be null.', code='null')]}
Invalid book data from Google Books: {'average_rating': [ErrorDetail(string='This field may not be null.', code='null')], 'ratings_count': [ErrorDetail(string='This field may not be null.', code='null')]}
Invalid book data from Google Books: {'average_rating': [ErrorDetail(string='This field may not be null.', code='null')], 'ratings_count': [ErrorDetail(string='This field may not be null.', code='null')]}
Invalid book data from Google Books: {'average_rating': [ErrorDetail(string='This field may not be null.', code='null')], 'ratings_count': [ErrorDetail(string='This field may not be null.', code='null')]}
Invalid book data from Google Books: {'average_rating': [ErrorDetail(string='This field may not be null.', code='null')], 'ratings_count': [ErrorDetail(string='This field may not be null.', code='null')]}
Invalid book data from Google Books: {'average_rating': [ErrorDetail(string='This field may not be null.', code='null')], 'ratings_count': [ErrorDetail(string='This field may not be null.', code='null')]}
Invalid book data from Google Books: {'average_rating': [ErrorDetail(string='This field may not be null.', code='null')], 'ratings_count': [ErrorDetail(string='This field may not be null.', code='null')]}
Invalid book data from Google Books: {'average_rating': [ErrorDetail(string='This field may not be null.', code='null')], 'ratings_count': [ErrorDetail(string='This field may not be null.', code='null')]}
Invalid book data from Google Books: {'average_rating': [ErrorDetail(string='This field may not be null.', code='null')], 'ratings_count': [ErrorDetail(string='This field may not be null.', code='null')]}
Invalid book data from Google Books: {'average_rating': [ErrorDetail(string='This field may not be null.', code='null')], 'ratings_count': [ErrorDetail(string='This field may not be null.', code='null')]}
Invalid book data from Google Books: {'average_rating': [ErrorDetail(string='This field may not be null.', code='null')], 'ratings_count': [ErrorDetail(string='This field may not be null.', code='null')]}
Invalid book data from Google Books: {'average_rating': [ErrorDetail(string='This field may not be null.', code='null')], 'ratings_count': [ErrorDetail(string='This field may not be null.', code='null')]}
Invalid book data from Google Books: {'average_rating': [ErrorDetail(string='This field may not be null.', code='null')], 'ratings_count': [ErrorDetail(string='This field may not be null.', code='null')]}
Invalid book data from Google Books: {'page_count': [ErrorDetail(string='This field may not be null.', code='null')]}
Invalid book data from Google Books: {'average_rating': [ErrorDetail(string='This field may not be null.', code='null')], 'ratings_count': [ErrorDetail(string='This field may not be null.', code='null')]}
Invalid book data from Google Books: {'average_rating': [ErrorDetail(string='This field may not be null.', code='null')], 'ratings_count': [ErrorDetail(string='This field may not be null.', code='null')]}
Invalid book data from Google Books: {'average_rating': [ErrorDetail(string='This field may not be null.', code='null')], 'ratings_count': [ErrorDetail(string='This field may not be null.', code='null')]}
Invalid book data from Google Books: {'average_rating': [ErrorDetail(string='This field may not be null.', code='null')], 'ratings_count': [ErrorDetail(string='This field may not be null.', code='null')]}
Invalid book data from Google Books: {'average_rating': [ErrorDetail(string='This field may not be null.', code='null')], 'ratings_count': [ErrorDetail(string='This field may not be null.', code='null')]}
Invalid book data from Google Books: {'average_rating': [ErrorDetail(string='This field may not be null.', code='null')], 'ratings_count': [ErrorDetail(string='This field may not be null.', code='null')]}
Invalid book data from Google Books: {'average_rating': [ErrorDetail(string='This field may not be null.', code='null')], 'ratings_count': [ErrorDetail(string='This field may not be null.', code='null')]}
Invalid book data from Google Books: {'average_rating': [ErrorDetail(string='This field may not be null.', code='null')], 'ratings_count': [ErrorDetail(string='This field may not be null.', code='null')]}
Invalid book data from Google Books: {'average_rating': [ErrorDetail(string='This field may not be null.', code='null')], 'ratings_count': [ErrorDetail(string='This field may not be null.', code='null')]}
Invalid book data from Google Books: {'average_rating': [ErrorDetail(string='This field may not be null.', code='null')], 'ratings_count': [ErrorDetail(string='This field may not be null.', code='null')]}
Invalid book data from Google Books: {'average_rating': [ErrorDetail(string='This field may not be null.', code='null')], 'ratings_count': [ErrorDetail(string='This field may not be null.', code='null')]}
Invalid book data from Google Books: {'average_rating': [ErrorDetail(string='This field may not be null.', code='null')], 'ratings_count': [ErrorDetail(string='This field may not be null.', code='null')]}
Invalid book data from Google Books: {'average_rating': [ErrorDetail(string='This field may not be null.', code='null')], 'ratings_count': [ErrorDetail(string='This field may not be null.', code='null')]}
Invalid book data from Google Books: {'average_rating': [ErrorDetail(string='This field may not be null.', code='null')], 'ratings_count': [ErrorDetail(string='This field may not be null.', code='null')]}
Invalid book data from Google Books: {'average_rating': [ErrorDetail(string='This field may not be null.', code='null')], 'ratings_count': [ErrorDetail(string='This field may not be null.', code='null')]}
Invalid book data from Google Books: {'average_rating': [ErrorDetail(string='This field may not be null.', code='null')], 'ratings_count': [ErrorDetail(string='This field may not be null.', code='null')]}
Invalid book data from Google Books: {'average_rating': [ErrorDetail(string='This field may not be null.', code='null')], 'ratings_count': [ErrorDetail(string='This field may not be null.', code='null')]}
Invalid book data from Google Books: {'average_rating': [ErrorDetail(string='This field may not be null.', code='null')], 'ratings_count': [ErrorDetail(string='This field may not be null.', code='null')]}
Invalid book data from Google Books: {'average_rating': [ErrorDetail(string='This field may not be null.', code='null')], 'ratings_count': [ErrorDetail(string='This field may not be null.', code='null')]}
Invalid book data from Google Books: {'average_rating': [ErrorDetail(string='This field may not be null.', code='null')], 'ratings_count': [ErrorDetail(string='This field may not be null.', code='null')]}
Invalid book data from Google Books: {'average_rating': [ErrorDetail(string='This field may not be null.', code='null')], 'ratings_count': [ErrorDetail(string='This field may not be null.', code='null')]}
Invalid book data from Google Books: {'average_rating': [ErrorDetail(string='This field may not be null.', code='null')], 'ratings_count': [ErrorDetail(string='This field may not be null.', code='null')]}
Invalid book data from Google Books: {'average_rating': [ErrorDetail(string='This field may not be null.', code='null')], 'ratings_count': [ErrorDetail(string='This field may not be null.', code='null')]}
Invalid book data from Google Books: {'average_rating': [ErrorDetail(string='This field may not be null.', code='null')], 'ratings_count': [ErrorDetail(string='This field may not be null.', code='null')]}
Invalid book data from Google Books: {'average_rating': [ErrorDetail(string='This field may not be null.', code='null')], 'ratings_count': [ErrorDetail(string='This field may not be null.', code='null')]}
Invalid book data from Google Books: {'average_rating': [ErrorDetail(string='This field may not be null.', code='null')], 'ratings_count': [ErrorDetail(string='This field may not be null.', code='null')]}
Invalid book data from Google Books: {'average_rating': [ErrorDetail(string='This field may not be null.', code='null')], 'ratings_count': [ErrorDetail(string='This field may not be null.', code='null')]}
Invalid book data from Google Books: {'average_rating': [ErrorDetail(string='This field may not be null.', code='null')], 'ratings_count': [ErrorDetail(string='This field may not be null.', code='null')]}
Invalid book data from Google Books: {'average_rating': [ErrorDetail(string='This field may not be null.', code='null')], 'ratings_count': [ErrorDetail(string='This field may not be null.', code='null')]}
Invalid book data from Google Books: {'average_rating': [ErrorDetail(string='This field may not be null.', code='null')], 'ratings_count': [ErrorDetail(string='This field may not be null.', code='null')]}
Invalid book data from Google Books: {'average_rating': [ErrorDetail(string='This field may not be null.', code='null')], 'ratings_count': [ErrorDetail(string='This field may not be null.', code='null')]}
Invalid book data from Google Books: {'average_rating': [ErrorDetail(string='This field may not be null.', code='null')], 'ratings_count': [ErrorDetail(string='This field may not be null.', code='null')]}
Invalid book data from Google Books: {'average_rating': [ErrorDetail(string='This field may not be null.', code='null')], 'ratings_count': [ErrorDetail(string='This field may not be null.', code='null')]}
Invalid book data from Google Books: {'average_rating': [ErrorDetail(string='This field may not be null.', code='null')], 'ratings_count': [ErrorDetail(string='This field may not be null.', code='null')]}
Invalid book data from Google Books: {'average_rating': [ErrorDetail(string='This field may not be null.', code='null')], 'ratings_count': [ErrorDetail(string='This field may not be null.', code='null')]}
Invalid book data from Google Books: {'average_rating': [ErrorDetail(string='This field may not be null.', code='null')], 'ratings_count': [ErrorDetail(string='This field may not be null.', code='null')]}
Invalid book data from Google Books: {'average_rating': [ErrorDetail(string='This field may not be null.', code='null')], 'ratings_count': [ErrorDetail(string='This field may not be null.', code='null')]}
Invalid book data from Google Books: {'average_rating': [ErrorDetail(string='This field may not be null.', code='null')], 'ratings_count': [ErrorDetail(string='This field may not be null.', code='null')]}
Invalid book data from Google Books: {'average_rating': [ErrorDetail(string='This field may not be null.', code='null')], 'ratings_count': [ErrorDetail(string='This field may not be null.', code='null')]}
Invalid book data from Google Books: {'average_rating': [ErrorDetail(string='This field may not be null.', code='null')], 'ratings_count': [ErrorDetail(string='This field may not be null.', code='null')]}
Invalid book data from Google Books: {'average_rating': [ErrorDetail(string='This field may not be null.', code='null')], 'ratings_count': [ErrorDetail(string='This field may not be null.', code='null')]}
Invalid book data from Google Books: {'average_rating': [ErrorDetail(string='This field may not be null.', code='null')], 'ratings_count': [ErrorDetail(string='This field may not be null.', code='null')]}
Invalid book data from Google Books: {'average_rating': [ErrorDetail(string='This field may not be null.', code='null')], 'ratings_count': [ErrorDetail(string='This field may not be null.', code='null')]}
Invalid book data from Google Books: {'average_rating': [ErrorDetail(string='This field may not be null.', code='null')], 'ratings_count': [ErrorDetail(string='This field may not be null.', code='null')]}
Invalid book data from Google Books: {'average_rating': [ErrorDetail(string='This field may not be null.', code='null')], 'ratings_count': [ErrorDetail(string='This field may not be null.', code='null')]}
